This is pdfTeX, Version 3.14159265-2.6-1.40.16 (TeX Live 2015) (preloaded format=pdflatex 2015.5.24)  23 AUG 2017 11:32
entering extended mode
 restricted \write18 enabled.
 file:line:error style messages enabled.
 %&-line parsing enabled.
**main.tex
(./main.tex
LaTeX2e <2015/01/01>
Babel <3.9l> and hyphenation patterns for 79 languages loaded.
(/usr/local/texlive/2015/texmf-dist/tex/latex/base/book.cls
Document Class: book 2014/09/29 v1.4h Standard LaTeX document class
(/usr/local/texlive/2015/texmf-dist/tex/latex/base/bk12.clo
File: bk12.clo 2014/09/29 v1.4h Standard LaTeX file (size option)
)
\c@part=\count79
\c@chapter=\count80
\c@section=\count81
\c@subsection=\count82
\c@subsubsection=\count83
\c@paragraph=\count84
\c@subparagraph=\count85
\c@figure=\count86
\c@table=\count87
\abovecaptionskip=\skip41
\belowcaptionskip=\skip42
\bibindent=\dimen102
)
(/usr/local/texlive/2015/texmf-dist/tex/latex/graphics/graphicx.sty
Package: graphicx 2014/10/28 v1.0g Enhanced LaTeX Graphics (DPC,SPQR)

(/usr/local/texlive/2015/texmf-dist/tex/latex/graphics/keyval.sty
Package: keyval 2014/10/28 v1.15 key=value parser (DPC)
\KV@toks@=\toks14
)
(/usr/local/texlive/2015/texmf-dist/tex/latex/graphics/graphics.sty
Package: graphics 2014/10/28 v1.0p Standard LaTeX Graphics (DPC,SPQR)

(/usr/local/texlive/2015/texmf-dist/tex/latex/graphics/trig.sty
Package: trig 1999/03/16 v1.09 sin cos tan (DPC)
)
(/usr/local/texlive/2015/texmf-dist/tex/latex/latexconfig/graphics.cfg
File: graphics.cfg 2010/04/23 v1.9 graphics configuration of TeX Live
)
Package graphics Info: Driver file: pdftex.def on input line 94.

(/usr/local/texlive/2015/texmf-dist/tex/latex/pdftex-def/pdftex.def
File: pdftex.def 2011/05/27 v0.06d Graphics/color for pdfTeX

(/usr/local/texlive/2015/texmf-dist/tex/generic/oberdiek/infwarerr.sty
Package: infwarerr 2010/04/08 v1.3 Providing info/warning/error messages (HO)
)
(/usr/local/texlive/2015/texmf-dist/tex/generic/oberdiek/ltxcmds.sty
Package: ltxcmds 2011/11/09 v1.22 LaTeX kernel commands for general use (HO)
)
\Gread@gobject=\count88
))
\Gin@req@height=\dimen103
\Gin@req@width=\dimen104
)
(/usr/local/texlive/2015/texmf-dist/tex/latex/oberdiek/epstopdf.sty
Package: epstopdf 2010/02/09 v2.5 Conversion with epstopdf on the fly (HO)

(/usr/local/texlive/2015/texmf-dist/tex/latex/oberdiek/epstopdf-base.sty
Package: epstopdf-base 2010/02/09 v2.5 Base part for package epstopdf

(/usr/local/texlive/2015/texmf-dist/tex/latex/oberdiek/grfext.sty
Package: grfext 2010/08/19 v1.1 Manage graphics extensions (HO)

(/usr/local/texlive/2015/texmf-dist/tex/generic/oberdiek/kvdefinekeys.sty
Package: kvdefinekeys 2011/04/07 v1.3 Define keys (HO)
))
(/usr/local/texlive/2015/texmf-dist/tex/latex/oberdiek/kvoptions.sty
Package: kvoptions 2011/06/30 v3.11 Key value format for package options (HO)

(/usr/local/texlive/2015/texmf-dist/tex/generic/oberdiek/kvsetkeys.sty
Package: kvsetkeys 2012/04/25 v1.16 Key value parser (HO)

(/usr/local/texlive/2015/texmf-dist/tex/generic/oberdiek/etexcmds.sty
Package: etexcmds 2011/02/16 v1.5 Avoid name clashes with e-TeX commands (HO)

(/usr/local/texlive/2015/texmf-dist/tex/generic/oberdiek/ifluatex.sty
Package: ifluatex 2010/03/01 v1.3 Provides the ifluatex switch (HO)
Package ifluatex Info: LuaTeX not detected.
)
Package etexcmds Info: Could not find \expanded.
(etexcmds)             That can mean that you are not using pdfTeX 1.50 or
(etexcmds)             that some package has redefined \expanded.
(etexcmds)             In the latter case, load this package earlier.
)))
(/usr/local/texlive/2015/texmf-dist/tex/generic/oberdiek/pdftexcmds.sty
Package: pdftexcmds 2011/11/29 v0.20 Utility functions of pdfTeX for LuaTeX (HO
)

(/usr/local/texlive/2015/texmf-dist/tex/generic/oberdiek/ifpdf.sty
Package: ifpdf 2011/01/30 v2.3 Provides the ifpdf switch (HO)
Package ifpdf Info: pdfTeX in PDF mode is detected.
)
Package pdftexcmds Info: LuaTeX not detected.
Package pdftexcmds Info: \pdf@primitive is available.
Package pdftexcmds Info: \pdf@ifprimitive is available.
Package pdftexcmds Info: \pdfdraftmode found.
)
Package grfext Info: Graphics extension search list:
(grfext)             [.png,.pdf,.jpg,.mps,.jpeg,.jbig2,.jb2,.PNG,.PDF,.JPG,.JPE
G,.JBIG2,.JB2,.eps]
(grfext)             \AppendGraphicsExtensions on input line 452.

(/usr/local/texlive/2015/texmf-dist/tex/latex/latexconfig/epstopdf-sys.cfg
File: epstopdf-sys.cfg 2010/07/13 v1.3 Configuration of (r)epstopdf for TeX Liv
e
)))
(/usr/local/texlive/2015/texmf-dist/tex/latex/appendix/appendix.sty
Package: appendix 2009/09/02 v1.2b extra appendix facilities
\c@@pps=\count89
\c@@ppsavesec=\count90
\c@@ppsaveapp=\count91
)
(/usr/local/texlive/2015/texmf-dist/tex/latex/multirow/multirow.sty
\bigstrutjot=\dimen105
)
(/usr/local/texlive/2015/texmf-dist/tex/latex/tools/hhline.sty
Package: hhline 2014/10/28 v2.03 Table rule package (DPC)
)
(/usr/local/texlive/2015/texmf-dist/tex/latex/amsmath/amsmath.sty
Package: amsmath 2013/01/14 v2.14 AMS math features
\@mathmargin=\skip43

For additional information on amsmath, use the `?' option.
(/usr/local/texlive/2015/texmf-dist/tex/latex/amsmath/amstext.sty
Package: amstext 2000/06/29 v2.01

(/usr/local/texlive/2015/texmf-dist/tex/latex/amsmath/amsgen.sty
File: amsgen.sty 1999/11/30 v2.0
\@emptytoks=\toks15
\ex@=\dimen106
))
(/usr/local/texlive/2015/texmf-dist/tex/latex/amsmath/amsbsy.sty
Package: amsbsy 1999/11/29 v1.2d
\pmbraise@=\dimen107
)
(/usr/local/texlive/2015/texmf-dist/tex/latex/amsmath/amsopn.sty
Package: amsopn 1999/12/14 v2.01 operator names
)
\inf@bad=\count92
LaTeX Info: Redefining \frac on input line 210.
\uproot@=\count93
\leftroot@=\count94
LaTeX Info: Redefining \overline on input line 306.
\classnum@=\count95
\DOTSCASE@=\count96
LaTeX Info: Redefining \ldots on input line 378.
LaTeX Info: Redefining \dots on input line 381.
LaTeX Info: Redefining \cdots on input line 466.
\Mathstrutbox@=\box26
\strutbox@=\box27
\big@size=\dimen108
LaTeX Font Info:    Redeclaring font encoding OML on input line 566.
LaTeX Font Info:    Redeclaring font encoding OMS on input line 567.
\macc@depth=\count97
\c@MaxMatrixCols=\count98
\dotsspace@=\muskip10
\c@parentequation=\count99
\dspbrk@lvl=\count100
\tag@help=\toks16
\row@=\count101
\column@=\count102
\maxfields@=\count103
\andhelp@=\toks17
\eqnshift@=\dimen109
\alignsep@=\dimen110
\tagshift@=\dimen111
\tagwidth@=\dimen112
\totwidth@=\dimen113
\lineht@=\dimen114
\@envbody=\toks18
\multlinegap=\skip44
\multlinetaggap=\skip45
\mathdisplay@stack=\toks19
LaTeX Info: Redefining \[ on input line 2665.
LaTeX Info: Redefining \] on input line 2666.
)
(/usr/local/texlive/2015/texmf-dist/tex/latex/amscls/amsthm.sty
Package: amsthm 2015/03/04 v2.20.2
\thm@style=\toks20
\thm@bodyfont=\toks21
\thm@headfont=\toks22
\thm@notefont=\toks23
\thm@headpunct=\toks24
\thm@preskip=\skip46
\thm@postskip=\skip47
\thm@headsep=\skip48
\dth@everypar=\toks25
)
(/usr/local/texlive/2015/texmf-dist/tex/latex/amsfonts/amssymb.sty
Package: amssymb 2013/01/14 v3.01 AMS font symbols

(/usr/local/texlive/2015/texmf-dist/tex/latex/amsfonts/amsfonts.sty
Package: amsfonts 2013/01/14 v3.01 Basic AMSFonts support
\symAMSa=\mathgroup4
\symAMSb=\mathgroup5
LaTeX Font Info:    Overwriting math alphabet `\mathfrak' in version `bold'
(Font)                  U/euf/m/n --> U/euf/b/n on input line 106.
))
(/usr/local/texlive/2015/texmf-dist/tex/latex/listings/listings.sty
\lst@mode=\count104
\lst@gtempboxa=\box28
\lst@token=\toks26
\lst@length=\count105
\lst@currlwidth=\dimen115
\lst@column=\count106
\lst@pos=\count107
\lst@lostspace=\dimen116
\lst@width=\dimen117
\lst@newlines=\count108
\lst@lineno=\count109
\lst@maxwidth=\dimen118

(/usr/local/texlive/2015/texmf-dist/tex/latex/listings/lstmisc.sty
File: lstmisc.sty 2014/09/06 1.5e (Carsten Heinz)
\c@lstnumber=\count110
\lst@skipnumbers=\count111
\lst@framebox=\box29
)
(/usr/local/texlive/2015/texmf-dist/tex/latex/listings/listings.cfg
File: listings.cfg 2014/09/06 1.5e listings configuration
))
Package: listings 2014/09/06 1.5e (Carsten Heinz)

(/usr/local/texlive/2015/texmf-dist/tex/latex/float/float.sty
Package: float 2001/11/08 v1.3d Float enhancements (AL)
\c@float@type=\count112
\float@exts=\toks27
\float@box=\box30
\@float@everytoks=\toks28
\@floatcapt=\box31
)
(/usr/local/texlive/2015/texmf-dist/tex/latex/tools/enumerate.sty
Package: enumerate 2014/10/28 v3.00 enumerate extensions (DPC)
\@enLab=\toks29
)
(/usr/local/texlive/2015/texmf-dist/tex/latex/hyperref/hyperref.sty
Package: hyperref 2012/11/06 v6.83m Hypertext links for LaTeX

(/usr/local/texlive/2015/texmf-dist/tex/generic/oberdiek/hobsub-hyperref.sty
Package: hobsub-hyperref 2012/05/28 v1.13 Bundle oberdiek, subset hyperref (HO)


(/usr/local/texlive/2015/texmf-dist/tex/generic/oberdiek/hobsub-generic.sty
Package: hobsub-generic 2012/05/28 v1.13 Bundle oberdiek, subset generic (HO)
Package: hobsub 2012/05/28 v1.13 Construct package bundles (HO)
Package hobsub Info: Skipping package `infwarerr' (already loaded).
Package hobsub Info: Skipping package `ltxcmds' (already loaded).
Package hobsub Info: Skipping package `ifluatex' (already loaded).
Package: ifvtex 2010/03/01 v1.5 Detect VTeX and its facilities (HO)
Package ifvtex Info: VTeX not detected.
Package: intcalc 2007/09/27 v1.1 Expandable calculations with integers (HO)
Package hobsub Info: Skipping package `ifpdf' (already loaded).
Package hobsub Info: Skipping package `etexcmds' (already loaded).
Package hobsub Info: Skipping package `kvsetkeys' (already loaded).
Package hobsub Info: Skipping package `kvdefinekeys' (already loaded).
Package hobsub Info: Skipping package `pdftexcmds' (already loaded).
Package: pdfescape 2011/11/25 v1.13 Implements pdfTeX's escape features (HO)
Package: bigintcalc 2012/04/08 v1.3 Expandable calculations on big integers (HO
)
Package: bitset 2011/01/30 v1.1 Handle bit-vector datatype (HO)
Package: uniquecounter 2011/01/30 v1.2 Provide unlimited unique counter (HO)
)
Package hobsub Info: Skipping package `hobsub' (already loaded).
Package: letltxmacro 2010/09/02 v1.4 Let assignment for LaTeX macros (HO)
Package: hopatch 2012/05/28 v1.2 Wrapper for package hooks (HO)
Package: xcolor-patch 2011/01/30 xcolor patch
Package: atveryend 2011/06/30 v1.8 Hooks at the very end of document (HO)
Package atveryend Info: \enddocument detected (standard20110627).
Package: atbegshi 2011/10/05 v1.16 At begin shipout hook (HO)
Package: refcount 2011/10/16 v3.4 Data extraction from label references (HO)
Package: hycolor 2011/01/30 v1.7 Color options for hyperref/bookmark (HO)
)
(/usr/local/texlive/2015/texmf-dist/tex/generic/ifxetex/ifxetex.sty
Package: ifxetex 2010/09/12 v0.6 Provides ifxetex conditional
)
(/usr/local/texlive/2015/texmf-dist/tex/latex/oberdiek/auxhook.sty
Package: auxhook 2011/03/04 v1.3 Hooks for auxiliary files (HO)
)
\@linkdim=\dimen119
\Hy@linkcounter=\count113
\Hy@pagecounter=\count114

(/usr/local/texlive/2015/texmf-dist/tex/latex/hyperref/pd1enc.def
File: pd1enc.def 2012/11/06 v6.83m Hyperref: PDFDocEncoding definition (HO)
)
\Hy@SavedSpaceFactor=\count115

(/usr/local/texlive/2015/texmf-dist/tex/latex/latexconfig/hyperref.cfg
File: hyperref.cfg 2002/06/06 v1.2 hyperref configuration of TeXLive
)
Package hyperref Info: Hyper figures OFF on input line 4443.
Package hyperref Info: Link nesting OFF on input line 4448.
Package hyperref Info: Hyper index ON on input line 4451.
Package hyperref Info: Plain pages OFF on input line 4458.
Package hyperref Info: Backreferencing OFF on input line 4463.
Package hyperref Info: Implicit mode ON; LaTeX internals redefined.
Package hyperref Info: Bookmarks ON on input line 4688.
\c@Hy@tempcnt=\count116

(/usr/local/texlive/2015/texmf-dist/tex/latex/url/url.sty
\Urlmuskip=\muskip11
Package: url 2013/09/16  ver 3.4  Verb mode for urls, etc.
)
LaTeX Info: Redefining \url on input line 5041.
\XeTeXLinkMargin=\dimen120
\Fld@menulength=\count117
\Field@Width=\dimen121
\Fld@charsize=\dimen122
Package hyperref Info: Hyper figures OFF on input line 6295.
Package hyperref Info: Link nesting OFF on input line 6300.
Package hyperref Info: Hyper index ON on input line 6303.
Package hyperref Info: backreferencing OFF on input line 6310.
Package hyperref Info: Link coloring OFF on input line 6315.
Package hyperref Info: Link coloring with OCG OFF on input line 6320.
Package hyperref Info: PDF/A mode OFF on input line 6325.
LaTeX Info: Redefining \ref on input line 6365.
LaTeX Info: Redefining \pageref on input line 6369.
\Hy@abspage=\count118
\c@Item=\count119
\c@Hfootnote=\count120
)

Package hyperref Message: Driver (autodetected): hpdftex.

(/usr/local/texlive/2015/texmf-dist/tex/latex/hyperref/hpdftex.def
File: hpdftex.def 2012/11/06 v6.83m Hyperref driver for pdfTeX
\Fld@listcount=\count121
\c@bookmark@seq@number=\count122

(/usr/local/texlive/2015/texmf-dist/tex/latex/oberdiek/rerunfilecheck.sty
Package: rerunfilecheck 2011/04/15 v1.7 Rerun checks for auxiliary files (HO)
Package uniquecounter Info: New unique counter `rerunfilecheck' on input line 2
82.
)
\Hy@SectionHShift=\skip49
)
(/usr/local/texlive/2015/texmf-dist/tex/latex/fancyhdr/fancyheadings.sty
Package: fancyheadings 2008/02/04 1.99 Dummy package to call fancyhdr


Package fancyheadings Warning: Please stop using fancyheadings!
(fancyheadings)                Use fancyhdr instead.
(fancyheadings)                We will call fancyhdr with the very same
(fancyheadings)                options you passed to fancyheadings.
(fancyheadings)                
(fancyheadings)                fancyhdr is 99 percent compatible with
(fancyheadings)                fancyheadings. The only incompatibility is
(fancyheadings)                that \headrulewidth and \footrulewidth and
(fancyheadings)                their \plain... versions are no longer length
(fancyheadings)                parameters, but normal macros (to be changed
(fancyheadings)                with \renewcommand rather than \setlength)..

(/usr/local/texlive/2015/texmf-dist/tex/latex/fancyhdr/fancyhdr.sty
\fancy@headwidth=\skip50
\f@ncyO@elh=\skip51
\f@ncyO@erh=\skip52
\f@ncyO@olh=\skip53
\f@ncyO@orh=\skip54
\f@ncyO@elf=\skip55
\f@ncyO@erf=\skip56
\f@ncyO@olf=\skip57
\f@ncyO@orf=\skip58
))
(/usr/local/texlive/2015/texmf-dist/tex/latex/titlesec/titlesec.sty
Package: titlesec 2011/12/15 v2.10.0 Sectioning titles
\ttl@box=\box32
\beforetitleunit=\skip59
\aftertitleunit=\skip60
\ttl@plus=\dimen123
\ttl@minus=\dimen124
\ttl@toksa=\toks30
\titlewidth=\dimen125
\titlewidthlast=\dimen126
\titlewidthfirst=\dimen127
)
(/usr/local/texlive/2015/texmf-dist/tex/latex/tools/multicol.sty
Package: multicol 2015/03/31 v1.8m multicolumn formatting (FMi)
\c@tracingmulticols=\count123
\mult@box=\box33
\multicol@leftmargin=\dimen128
\c@unbalance=\count124
\c@collectmore=\count125
\doublecol@number=\count126
\multicoltolerance=\count127
\multicolpretolerance=\count128
\full@width=\dimen129
\page@free=\dimen130
\premulticols=\dimen131
\postmulticols=\dimen132
\multicolsep=\skip61
\multicolbaselineskip=\skip62
\partial@page=\box34
\last@line=\box35
\maxbalancingoverflow=\dimen133
\mult@rightbox=\box36
\mult@grightbox=\box37
\mult@gfirstbox=\box38
\mult@firstbox=\box39
\@tempa=\box40
\@tempa=\box41
\@tempa=\box42
\@tempa=\box43
\@tempa=\box44
\@tempa=\box45
\@tempa=\box46
\@tempa=\box47
\@tempa=\box48
\@tempa=\box49
\@tempa=\box50
\@tempa=\box51
\@tempa=\box52
\@tempa=\box53
\@tempa=\box54
\@tempa=\box55
\@tempa=\box56
\c@columnbadness=\count129
\c@finalcolumnbadness=\count130
\last@try=\dimen134
\multicolovershoot=\dimen135
\multicolundershoot=\dimen136
\mult@nat@firstbox=\box57
\colbreak@box=\box58
\mc@col@check@num=\count131
)
(/usr/local/texlive/2015/texmf-dist/tex/latex/wrapfig/wrapfig.sty
\wrapoverhang=\dimen137
\WF@size=\dimen138
\c@WF@wrappedlines=\count132
\WF@box=\box59
\WF@everypar=\toks31
Package: wrapfig 2003/01/31  v 3.6
)
(/usr/local/texlive/2015/texmf-dist/tex/latex/tocloft/tocloft.sty
Package: tocloft 2013/05/02 v2.3f parameterised ToC, etc., typesetting
Package tocloft Info: The document has chapter divisions on input line 44.
\cftparskip=\skip63
\cftbeforetoctitleskip=\skip64
\cftaftertoctitleskip=\skip65
\cftbeforepartskip=\skip66
\cftpartnumwidth=\skip67
\cftpartindent=\skip68
\cftbeforechapskip=\skip69
\cftchapindent=\skip70
\cftchapnumwidth=\skip71
\cftbeforesecskip=\skip72
\cftsecindent=\skip73
\cftsecnumwidth=\skip74
\cftbeforesubsecskip=\skip75
\cftsubsecindent=\skip76
\cftsubsecnumwidth=\skip77
\cftbeforesubsubsecskip=\skip78
\cftsubsubsecindent=\skip79
\cftsubsubsecnumwidth=\skip80
\cftbeforeparaskip=\skip81
\cftparaindent=\skip82
\cftparanumwidth=\skip83
\cftbeforesubparaskip=\skip84
\cftsubparaindent=\skip85
\cftsubparanumwidth=\skip86
\cftbeforeloftitleskip=\skip87
\cftafterloftitleskip=\skip88
\cftbeforefigskip=\skip89
\cftfigindent=\skip90
\cftfignumwidth=\skip91
\c@lofdepth=\count133
\c@lotdepth=\count134
\cftbeforelottitleskip=\skip92
\cftafterlottitleskip=\skip93
\cftbeforetabskip=\skip94
\cfttabindent=\skip95
\cfttabnumwidth=\skip96
)
(/usr/local/texlive/2015/texmf-dist/tex/latex/pgf/frontendlayer/tikz.sty
(/usr/local/texlive/2015/texmf-dist/tex/latex/pgf/basiclayer/pgf.sty
(/usr/local/texlive/2015/texmf-dist/tex/latex/pgf/utilities/pgfrcs.sty
(/usr/local/texlive/2015/texmf-dist/tex/generic/pgf/utilities/pgfutil-common.te
x
\pgfutil@everybye=\toks32
\pgfutil@tempdima=\dimen139
\pgfutil@tempdimb=\dimen140

(/usr/local/texlive/2015/texmf-dist/tex/generic/pgf/utilities/pgfutil-common-li
sts.tex))
(/usr/local/texlive/2015/texmf-dist/tex/generic/pgf/utilities/pgfutil-latex.def
\pgfutil@abb=\box60
(/usr/local/texlive/2015/texmf-dist/tex/latex/ms/everyshi.sty
Package: everyshi 2001/05/15 v3.00 EveryShipout Package (MS)
))
(/usr/local/texlive/2015/texmf-dist/tex/generic/pgf/utilities/pgfrcs.code.tex
Package: pgfrcs 2013/12/20 v3.0.0 (rcs-revision 1.28)
))
Package: pgf 2013/12/18 v3.0.0 (rcs-revision 1.14)
(/usr/local/texlive/2015/texmf-dist/tex/latex/pgf/basiclayer/pgfcore.sty
(/usr/local/texlive/2015/texmf-dist/tex/latex/pgf/systemlayer/pgfsys.sty
(/usr/local/texlive/2015/texmf-dist/tex/generic/pgf/systemlayer/pgfsys.code.tex
Package: pgfsys 2013/11/30 v3.0.0 (rcs-revision 1.47)
(/usr/local/texlive/2015/texmf-dist/tex/generic/pgf/utilities/pgfkeys.code.tex
\pgfkeys@pathtoks=\toks33
\pgfkeys@temptoks=\toks34

(/usr/local/texlive/2015/texmf-dist/tex/generic/pgf/utilities/pgfkeysfiltered.c
ode.tex
\pgfkeys@tmptoks=\toks35
))
\pgf@x=\dimen141
\pgf@y=\dimen142
\pgf@xa=\dimen143
\pgf@ya=\dimen144
\pgf@xb=\dimen145
\pgf@yb=\dimen146
\pgf@xc=\dimen147
\pgf@yc=\dimen148
\w@pgf@writea=\write3
\r@pgf@reada=\read1
\c@pgf@counta=\count135
\c@pgf@countb=\count136
\c@pgf@countc=\count137
\c@pgf@countd=\count138
\t@pgf@toka=\toks36
\t@pgf@tokb=\toks37
\t@pgf@tokc=\toks38

(/usr/local/texlive/2015/texmf-dist/tex/generic/pgf/systemlayer/pgf.cfg
File: pgf.cfg 2008/05/14  (rcs-revision 1.7)
)
Driver file for pgf: pgfsys-pdftex.def

(/usr/local/texlive/2015/texmf-dist/tex/generic/pgf/systemlayer/pgfsys-pdftex.d
ef
File: pgfsys-pdftex.def 2013/07/18  (rcs-revision 1.33)

(/usr/local/texlive/2015/texmf-dist/tex/generic/pgf/systemlayer/pgfsys-common-p
df.def
File: pgfsys-common-pdf.def 2013/10/10  (rcs-revision 1.13)
)))
(/usr/local/texlive/2015/texmf-dist/tex/generic/pgf/systemlayer/pgfsyssoftpath.
code.tex
File: pgfsyssoftpath.code.tex 2013/09/09  (rcs-revision 1.9)
\pgfsyssoftpath@smallbuffer@items=\count139
\pgfsyssoftpath@bigbuffer@items=\count140
)
(/usr/local/texlive/2015/texmf-dist/tex/generic/pgf/systemlayer/pgfsysprotocol.
code.tex
File: pgfsysprotocol.code.tex 2006/10/16  (rcs-revision 1.4)
)) (/usr/local/texlive/2015/texmf-dist/tex/latex/xcolor/xcolor.sty
Package: xcolor 2007/01/21 v2.11 LaTeX color extensions (UK)

(/usr/local/texlive/2015/texmf-dist/tex/latex/latexconfig/color.cfg
File: color.cfg 2007/01/18 v1.5 color configuration of teTeX/TeXLive
)
Package xcolor Info: Driver file: pdftex.def on input line 225.
Package xcolor Info: Model `cmy' substituted by `cmy0' on input line 1337.
Package xcolor Info: Model `hsb' substituted by `rgb' on input line 1341.
Package xcolor Info: Model `RGB' extended on input line 1353.
Package xcolor Info: Model `HTML' substituted by `rgb' on input line 1355.
Package xcolor Info: Model `Hsb' substituted by `hsb' on input line 1356.
Package xcolor Info: Model `tHsb' substituted by `hsb' on input line 1357.
Package xcolor Info: Model `HSB' substituted by `hsb' on input line 1358.
Package xcolor Info: Model `Gray' substituted by `gray' on input line 1359.
Package xcolor Info: Model `wave' substituted by `hsb' on input line 1360.
)
(/usr/local/texlive/2015/texmf-dist/tex/generic/pgf/basiclayer/pgfcore.code.tex
Package: pgfcore 2010/04/11 v3.0.0 (rcs-revision 1.7)
(/usr/local/texlive/2015/texmf-dist/tex/generic/pgf/math/pgfmath.code.tex
(/usr/local/texlive/2015/texmf-dist/tex/generic/pgf/math/pgfmathcalc.code.tex
(/usr/local/texlive/2015/texmf-dist/tex/generic/pgf/math/pgfmathutil.code.tex)
(/usr/local/texlive/2015/texmf-dist/tex/generic/pgf/math/pgfmathparser.code.tex
\pgfmath@dimen=\dimen149
\pgfmath@count=\count141
\pgfmath@box=\box61
\pgfmath@toks=\toks39
\pgfmath@stack@operand=\toks40
\pgfmath@stack@operation=\toks41
)
(/usr/local/texlive/2015/texmf-dist/tex/generic/pgf/math/pgfmathfunctions.code.
tex
(/usr/local/texlive/2015/texmf-dist/tex/generic/pgf/math/pgfmathfunctions.basic
.code.tex)
(/usr/local/texlive/2015/texmf-dist/tex/generic/pgf/math/pgfmathfunctions.trigo
nometric.code.tex)
(/usr/local/texlive/2015/texmf-dist/tex/generic/pgf/math/pgfmathfunctions.rando
m.code.tex)
(/usr/local/texlive/2015/texmf-dist/tex/generic/pgf/math/pgfmathfunctions.compa
rison.code.tex)
(/usr/local/texlive/2015/texmf-dist/tex/generic/pgf/math/pgfmathfunctions.base.
code.tex)
(/usr/local/texlive/2015/texmf-dist/tex/generic/pgf/math/pgfmathfunctions.round
.code.tex)
(/usr/local/texlive/2015/texmf-dist/tex/generic/pgf/math/pgfmathfunctions.misc.
code.tex)
(/usr/local/texlive/2015/texmf-dist/tex/generic/pgf/math/pgfmathfunctions.integ
erarithmetics.code.tex)))
(/usr/local/texlive/2015/texmf-dist/tex/generic/pgf/math/pgfmathfloat.code.tex
\c@pgfmathroundto@lastzeros=\count142
))
(/usr/local/texlive/2015/texmf-dist/tex/generic/pgf/basiclayer/pgfcorepoints.co
de.tex
File: pgfcorepoints.code.tex 2013/10/07  (rcs-revision 1.27)
\pgf@picminx=\dimen150
\pgf@picmaxx=\dimen151
\pgf@picminy=\dimen152
\pgf@picmaxy=\dimen153
\pgf@pathminx=\dimen154
\pgf@pathmaxx=\dimen155
\pgf@pathminy=\dimen156
\pgf@pathmaxy=\dimen157
\pgf@xx=\dimen158
\pgf@xy=\dimen159
\pgf@yx=\dimen160
\pgf@yy=\dimen161
\pgf@zx=\dimen162
\pgf@zy=\dimen163
)
(/usr/local/texlive/2015/texmf-dist/tex/generic/pgf/basiclayer/pgfcorepathconst
ruct.code.tex
File: pgfcorepathconstruct.code.tex 2013/10/07  (rcs-revision 1.29)
\pgf@path@lastx=\dimen164
\pgf@path@lasty=\dimen165
)
(/usr/local/texlive/2015/texmf-dist/tex/generic/pgf/basiclayer/pgfcorepathusage
.code.tex
File: pgfcorepathusage.code.tex 2013/12/13  (rcs-revision 1.23)
\pgf@shorten@end@additional=\dimen166
\pgf@shorten@start@additional=\dimen167
)
(/usr/local/texlive/2015/texmf-dist/tex/generic/pgf/basiclayer/pgfcorescopes.co
de.tex
File: pgfcorescopes.code.tex 2013/10/09  (rcs-revision 1.44)
\pgfpic=\box62
\pgf@hbox=\box63
\pgf@layerbox@main=\box64
\pgf@picture@serial@count=\count143
)
(/usr/local/texlive/2015/texmf-dist/tex/generic/pgf/basiclayer/pgfcoregraphicst
ate.code.tex
File: pgfcoregraphicstate.code.tex 2013/09/19  (rcs-revision 1.11)
\pgflinewidth=\dimen168
)
(/usr/local/texlive/2015/texmf-dist/tex/generic/pgf/basiclayer/pgfcoretransform
ations.code.tex
File: pgfcoretransformations.code.tex 2013/10/10  (rcs-revision 1.17)
\pgf@pt@x=\dimen169
\pgf@pt@y=\dimen170
\pgf@pt@temp=\dimen171
)
(/usr/local/texlive/2015/texmf-dist/tex/generic/pgf/basiclayer/pgfcorequick.cod
e.tex
File: pgfcorequick.code.tex 2008/10/09  (rcs-revision 1.3)
)
(/usr/local/texlive/2015/texmf-dist/tex/generic/pgf/basiclayer/pgfcoreobjects.c
ode.tex
File: pgfcoreobjects.code.tex 2006/10/11  (rcs-revision 1.2)
)
(/usr/local/texlive/2015/texmf-dist/tex/generic/pgf/basiclayer/pgfcorepathproce
ssing.code.tex
File: pgfcorepathprocessing.code.tex 2013/09/09  (rcs-revision 1.9)
)
(/usr/local/texlive/2015/texmf-dist/tex/generic/pgf/basiclayer/pgfcorearrows.co
de.tex
File: pgfcorearrows.code.tex 2013/11/07  (rcs-revision 1.40)
\pgfarrowsep=\dimen172
)
(/usr/local/texlive/2015/texmf-dist/tex/generic/pgf/basiclayer/pgfcoreshade.cod
e.tex
File: pgfcoreshade.code.tex 2013/07/15  (rcs-revision 1.15)
\pgf@max=\dimen173
\pgf@sys@shading@range@num=\count144
)
(/usr/local/texlive/2015/texmf-dist/tex/generic/pgf/basiclayer/pgfcoreimage.cod
e.tex
File: pgfcoreimage.code.tex 2013/07/15  (rcs-revision 1.18)

(/usr/local/texlive/2015/texmf-dist/tex/generic/pgf/basiclayer/pgfcoreexternal.
code.tex
File: pgfcoreexternal.code.tex 2013/07/15  (rcs-revision 1.20)
\pgfexternal@startupbox=\box65
))
(/usr/local/texlive/2015/texmf-dist/tex/generic/pgf/basiclayer/pgfcorelayers.co
de.tex
File: pgfcorelayers.code.tex 2013/07/18  (rcs-revision 1.7)
)
(/usr/local/texlive/2015/texmf-dist/tex/generic/pgf/basiclayer/pgfcoretranspare
ncy.code.tex
File: pgfcoretransparency.code.tex 2013/09/30  (rcs-revision 1.5)
)
(/usr/local/texlive/2015/texmf-dist/tex/generic/pgf/basiclayer/pgfcorepatterns.
code.tex
File: pgfcorepatterns.code.tex 2013/11/07  (rcs-revision 1.5)
)))
(/usr/local/texlive/2015/texmf-dist/tex/generic/pgf/modules/pgfmoduleshapes.cod
e.tex
File: pgfmoduleshapes.code.tex 2013/10/31  (rcs-revision 1.34)
\pgfnodeparttextbox=\box66
)
(/usr/local/texlive/2015/texmf-dist/tex/generic/pgf/modules/pgfmoduleplot.code.
tex
File: pgfmoduleplot.code.tex 2013/07/31  (rcs-revision 1.12)
)
(/usr/local/texlive/2015/texmf-dist/tex/latex/pgf/compatibility/pgfcomp-version
-0-65.sty
Package: pgfcomp-version-0-65 2007/07/03 v3.0.0 (rcs-revision 1.7)
\pgf@nodesepstart=\dimen174
\pgf@nodesepend=\dimen175
)
(/usr/local/texlive/2015/texmf-dist/tex/latex/pgf/compatibility/pgfcomp-version
-1-18.sty
Package: pgfcomp-version-1-18 2007/07/23 v3.0.0 (rcs-revision 1.1)
))
(/usr/local/texlive/2015/texmf-dist/tex/latex/pgf/utilities/pgffor.sty
(/usr/local/texlive/2015/texmf-dist/tex/latex/pgf/utilities/pgfkeys.sty
(/usr/local/texlive/2015/texmf-dist/tex/generic/pgf/utilities/pgfkeys.code.tex)
) (/usr/local/texlive/2015/texmf-dist/tex/latex/pgf/math/pgfmath.sty
(/usr/local/texlive/2015/texmf-dist/tex/generic/pgf/math/pgfmath.code.tex))
(/usr/local/texlive/2015/texmf-dist/tex/generic/pgf/utilities/pgffor.code.tex
Package: pgffor 2013/12/13 v3.0.0 (rcs-revision 1.25)

(/usr/local/texlive/2015/texmf-dist/tex/generic/pgf/math/pgfmath.code.tex)
\pgffor@iter=\dimen176
\pgffor@skip=\dimen177
\pgffor@stack=\toks42
\pgffor@toks=\toks43
))
(/usr/local/texlive/2015/texmf-dist/tex/generic/pgf/frontendlayer/tikz/tikz.cod
e.tex
Package: tikz 2013/12/13 v3.0.0 (rcs-revision 1.142)

(/usr/local/texlive/2015/texmf-dist/tex/generic/pgf/libraries/pgflibraryplothan
dlers.code.tex
File: pgflibraryplothandlers.code.tex 2013/08/31 v3.0.0 (rcs-revision 1.20)
\pgf@plot@mark@count=\count145
\pgfplotmarksize=\dimen178
)
\tikz@lastx=\dimen179
\tikz@lasty=\dimen180
\tikz@lastxsaved=\dimen181
\tikz@lastysaved=\dimen182
\tikzleveldistance=\dimen183
\tikzsiblingdistance=\dimen184
\tikz@figbox=\box67
\tikz@figbox@bg=\box68
\tikz@tempbox=\box69
\tikz@tempbox@bg=\box70
\tikztreelevel=\count146
\tikznumberofchildren=\count147
\tikznumberofcurrentchild=\count148
\tikz@fig@count=\count149

(/usr/local/texlive/2015/texmf-dist/tex/generic/pgf/modules/pgfmodulematrix.cod
e.tex
File: pgfmodulematrix.code.tex 2013/09/17  (rcs-revision 1.8)
\pgfmatrixcurrentrow=\count150
\pgfmatrixcurrentcolumn=\count151
\pgf@matrix@numberofcolumns=\count152
)
\tikz@expandcount=\count153

(/usr/local/texlive/2015/texmf-dist/tex/generic/pgf/frontendlayer/tikz/librarie
s/tikzlibrarytopaths.code.tex
File: tikzlibrarytopaths.code.tex 2008/06/17 v3.0.0 (rcs-revision 1.2)
)))
(/usr/local/texlive/2015/texmf-dist/tex/latex/caption/caption.sty
Package: caption 2013/05/02 v3.3-89 Customizing captions (AR)

(/usr/local/texlive/2015/texmf-dist/tex/latex/caption/caption3.sty
Package: caption3 2013/05/02 v1.6-88 caption3 kernel (AR)
Package caption3 Info: TeX engine: e-TeX on input line 57.
\captionmargin=\dimen185
\captionmargin@=\dimen186
\captionwidth=\dimen187
\caption@tempdima=\dimen188
\caption@indent=\dimen189
\caption@parindent=\dimen190
\caption@hangindent=\dimen191
)
\c@ContinuedFloat=\count154
Package caption Info: float package is loaded.
Package caption Info: hyperref package is loaded.
Package caption Info: listings package is loaded.
Package caption Info: wrapfig package is loaded.
)
(/usr/local/texlive/2015/texmf-dist/tex/latex/caption/subcaption.sty
Package: subcaption 2013/02/03 v1.1-62 Sub-captions (AR)
\c@subfigure=\count155
\c@subtable=\count156
)
(/usr/local/texlive/2015/texmf-dist/tex/latex/tools/array.sty
Package: array 2014/10/28 v2.4c Tabular extension package (FMi)
\col@sep=\dimen192
\extrarowheight=\dimen193
\NC@list=\toks44
\extratabsurround=\skip97
\backup@length=\skip98
)
(/usr/local/texlive/2015/texmf-dist/tex/generic/pgf/frontendlayer/tikz/librarie
s/tikzlibrarypositioning.code.tex
File: tikzlibrarypositioning.code.tex 2008/10/06 v3.0.0 (rcs-revision 1.7)
)
(/usr/local/texlive/2015/texmf-dist/tex/generic/pgf/frontendlayer/tikz/librarie
s/tikzlibrarydecorations.pathmorphing.code.tex
(/usr/local/texlive/2015/texmf-dist/tex/generic/pgf/frontendlayer/tikz/librarie
s/tikzlibrarydecorations.code.tex
(/usr/local/texlive/2015/texmf-dist/tex/generic/pgf/modules/pgfmoduledecoration
s.code.tex
\pgfdecoratedcompleteddistance=\dimen194
\pgfdecoratedremainingdistance=\dimen195
\pgfdecoratedinputsegmentcompleteddistance=\dimen196
\pgfdecoratedinputsegmentremainingdistance=\dimen197
\pgf@decorate@distancetomove=\dimen198
\pgf@decorate@repeatstate=\count157
\pgfdecorationsegmentamplitude=\dimen199
\pgfdecorationsegmentlength=\dimen200
)
\tikz@lib@dec@box=\box71
)
(/usr/local/texlive/2015/texmf-dist/tex/generic/pgf/libraries/decorations/pgfli
brarydecorations.pathmorphing.code.tex))
(/usr/local/texlive/2015/texmf-dist/tex/generic/pgf/frontendlayer/tikz/librarie
s/tikzlibraryarrows.code.tex
File: tikzlibraryarrows.code.tex 2008/01/09 v3.0.0 (rcs-revision 1.1)

(/usr/local/texlive/2015/texmf-dist/tex/generic/pgf/libraries/pgflibraryarrows.
code.tex
File: pgflibraryarrows.code.tex 2013/09/23 v3.0.0 (rcs-revision 1.16)
\arrowsize=\dimen201
))
(/usr/local/texlive/2015/texmf-dist/tex/generic/pgf/frontendlayer/tikz/librarie
s/tikzlibrarydecorations.markings.code.tex
(/usr/local/texlive/2015/texmf-dist/tex/generic/pgf/libraries/decorations/pgfli
brarydecorations.markings.code.tex))
(/usr/local/texlive/2015/texmf-dist/tex/generic/pgf/frontendlayer/tikz/librarie
s/tikzlibrarypatterns.code.tex
File: tikzlibrarypatterns.code.tex 2008/01/15 v3.0.0 (rcs-revision 1.2)

(/usr/local/texlive/2015/texmf-dist/tex/generic/pgf/libraries/pgflibrarypattern
s.code.tex
File: pgflibrarypatterns.code.tex 2008/03/03 v3.0.0 (rcs-revision 1.13)
))
(/usr/local/texlive/2015/texmf-dist/tex/generic/pgf/frontendlayer/tikz/librarie
s/tikzlibraryshapes.code.tex
File: tikzlibraryshapes.code.tex 2008/01/09 v3.0.0 (rcs-revision 1.1)

(/usr/local/texlive/2015/texmf-dist/tex/generic/pgf/frontendlayer/tikz/librarie
s/tikzlibraryshapes.geometric.code.tex
File: tikzlibraryshapes.geometric.code.tex 2008/01/09 v3.0.0 (rcs-revision 1.1)


(/usr/local/texlive/2015/texmf-dist/tex/generic/pgf/libraries/shapes/pgflibrary
shapes.geometric.code.tex
File: pgflibraryshapes.geometric.code.tex 2008/06/26 v3.0.0 (rcs-revision 1.1)
))
(/usr/local/texlive/2015/texmf-dist/tex/generic/pgf/frontendlayer/tikz/librarie
s/tikzlibraryshapes.misc.code.tex
File: tikzlibraryshapes.misc.code.tex 2008/01/09 v3.0.0 (rcs-revision 1.1)

(/usr/local/texlive/2015/texmf-dist/tex/generic/pgf/libraries/shapes/pgflibrary
shapes.misc.code.tex
File: pgflibraryshapes.misc.code.tex 2013/07/18 v3.0.0 (rcs-revision 1.5)
))
(/usr/local/texlive/2015/texmf-dist/tex/generic/pgf/frontendlayer/tikz/librarie
s/tikzlibraryshapes.symbols.code.tex
File: tikzlibraryshapes.symbols.code.tex 2008/01/09 v3.0.0 (rcs-revision 1.1)

(/usr/local/texlive/2015/texmf-dist/tex/generic/pgf/libraries/shapes/pgflibrary
shapes.symbols.code.tex
File: pgflibraryshapes.symbols.code.tex 2013/09/11 v3.0.0 (rcs-revision 1.6)
))
(/usr/local/texlive/2015/texmf-dist/tex/generic/pgf/frontendlayer/tikz/librarie
s/tikzlibraryshapes.arrows.code.tex
File: tikzlibraryshapes.arrows.code.tex 2008/01/09 v3.0.0 (rcs-revision 1.1)

(/usr/local/texlive/2015/texmf-dist/tex/generic/pgf/libraries/shapes/pgflibrary
shapes.arrows.code.tex
File: pgflibraryshapes.arrows.code.tex 2008/06/26 v3.0.0 (rcs-revision 1.1)
))
(/usr/local/texlive/2015/texmf-dist/tex/generic/pgf/frontendlayer/tikz/librarie
s/tikzlibraryshapes.callouts.code.tex
(/usr/local/texlive/2015/texmf-dist/tex/generic/pgf/libraries/shapes/pgflibrary
shapes.callouts.code.tex))
(/usr/local/texlive/2015/texmf-dist/tex/generic/pgf/frontendlayer/tikz/librarie
s/tikzlibraryshapes.multipart.code.tex
File: tikzlibraryshapes.multipart.code.tex 2008/01/09 v3.0.0 (rcs-revision 1.1)


(/usr/local/texlive/2015/texmf-dist/tex/generic/pgf/libraries/shapes/pgflibrary
shapes.multipart.code.tex
File: pgflibraryshapes.multipart.code.tex 2010/01/07 v3.0.0 (rcs-revision 1.2)
\pgfnodepartlowerbox=\box72
\pgfnodeparttwobox=\box73
\pgfnodepartthreebox=\box74
\pgfnodepartfourbox=\box75
\pgfnodeparttwentybox=\box76
\pgfnodepartnineteenbox=\box77
\pgfnodeparteighteenbox=\box78
\pgfnodepartseventeenbox=\box79
\pgfnodepartsixteenbox=\box80
\pgfnodepartfifteenbox=\box81
\pgfnodepartfourteenbox=\box82
\pgfnodepartthirteenbox=\box83
\pgfnodeparttwelvebox=\box84
\pgfnodepartelevenbox=\box85
\pgfnodeparttenbox=\box86
\pgfnodepartninebox=\box87
\pgfnodeparteightbox=\box88
\pgfnodepartsevenbox=\box89
\pgfnodepartsixbox=\box90
\pgfnodepartfivebox=\box91
)))
(/usr/local/texlive/2015/texmf-dist/tex/generic/pgf/frontendlayer/tikz/librarie
s/tikzlibraryintersections.code.tex
(/usr/local/texlive/2015/texmf-dist/tex/generic/pgf/libraries/pgflibraryinterse
ctions.code.tex
\pgf@intersect@solutions=\count158
))
\@float@every@table=\toks45

(/usr/local/texlive/2015/texmf-dist/tex/latex/geometry/geometry.sty
Package: geometry 2010/09/12 v5.6 Page Geometry
\Gm@cnth=\count159
\Gm@cntv=\count160
\c@Gm@tempcnt=\count161
\Gm@bindingoffset=\dimen202
\Gm@wd@mp=\dimen203
\Gm@odd@mp=\dimen204
\Gm@even@mp=\dimen205
\Gm@layoutwidth=\dimen206
\Gm@layoutheight=\dimen207
\Gm@layouthoffset=\dimen208
\Gm@layoutvoffset=\dimen209
\Gm@dimlist=\toks46
)
(./main.aux (./cover.aux) (./intro.aux) (./Exp0/ExcelError.aux)
(./Exp1/UncertaintyError.aux) (./Exp2/VelocityAcceleration.aux)
(./Exp3/Forces.aux) (./Exp4/ProjectileMotionandConservationofEnergy.aux)
(./Exp5/ConservationofMomentum.aux) (./Exp6/TorqueandRotationalInertia.aux)
(./Exp7/CentripetalForceAngularMomentum.aux

LaTeX Warning: Label `diskinert' multiply defined.


LaTeX Warning: Label `fig:apparatus' multiply defined.

) (./Exp8/WavesI_StandingWaves.aux)
(./Exp9/WavesII_OscilliscopeandFunctionGenerator.aux

LaTeX Warning: Label `chap:waves' multiply defined.

) (./Exp10/IdealGasandThermalConductivity.aux))
\openout1 = `main.aux'.

LaTeX Font Info:    Checking defaults for OML/cmm/m/it on input line 87.
LaTeX Font Info:    ... okay on input line 87.
LaTeX Font Info:    Checking defaults for T1/cmr/m/n on input line 87.
LaTeX Font Info:    ... okay on input line 87.
LaTeX Font Info:    Checking defaults for OT1/cmr/m/n on input line 87.
LaTeX Font Info:    ... okay on input line 87.
LaTeX Font Info:    Checking defaults for OMS/cmsy/m/n on input line 87.
LaTeX Font Info:    ... okay on input line 87.
LaTeX Font Info:    Checking defaults for OMX/cmex/m/n on input line 87.
LaTeX Font Info:    ... okay on input line 87.
LaTeX Font Info:    Checking defaults for U/cmr/m/n on input line 87.
LaTeX Font Info:    ... okay on input line 87.
LaTeX Font Info:    Checking defaults for PD1/pdf/m/n on input line 87.
LaTeX Font Info:    ... okay on input line 87.

(/usr/local/texlive/2015/texmf-dist/tex/context/base/supp-pdf.mkii
[Loading MPS to PDF converter (version 2006.09.02).]
\scratchcounter=\count162
\scratchdimen=\dimen210
\scratchbox=\box92
\nofMPsegments=\count163
\nofMParguments=\count164
\everyMPshowfont=\toks47
\MPscratchCnt=\count165
\MPscratchDim=\dimen211
\MPnumerator=\count166
\makeMPintoPDFobject=\count167
\everyMPtoPDFconversion=\toks48
)
\c@lstlisting=\count168
\AtBeginShipoutBox=\box93
Package hyperref Info: Link coloring OFF on input line 87.
 (/usr/local/texlive/2015/texmf-dist/tex/latex/hyperref/nameref.sty
Package: nameref 2012/10/27 v2.43 Cross-referencing by name of section

(/usr/local/texlive/2015/texmf-dist/tex/generic/oberdiek/gettitlestring.sty
Package: gettitlestring 2010/12/03 v1.4 Cleanup title references (HO)
)
\c@section@level=\count169
)
LaTeX Info: Redefining \ref on input line 87.
LaTeX Info: Redefining \pageref on input line 87.
LaTeX Info: Redefining \nameref on input line 87.

(./main.out) (./main.out)
\@outlinefile=\write4
\openout4 = `main.out'.

 ABD: EveryShipout initializing macros
Package caption Info: Begin \AtBeginDocument code.
Package caption Info: End \AtBeginDocument code.

*geometry* driver: auto-detecting
*geometry* detected driver: pdftex
*geometry* verbose mode - [ preamble ] result:
* driver: pdftex
* paper: letterpaper
* layout: <same size as paper>
* layoutoffset:(h,v)=(0.0pt,0.0pt)
* bindingoffset: 28.90755pt
* modes: twoside 
* h-part:(L,W,R)=(72.26999pt, 440.84747pt, 72.26999pt)
* v-part:(T,H,B)=(86.72377pt, 621.52245pt, 86.72377pt)
* \paperwidth=614.295pt
* \paperheight=794.96999pt
* \textwidth=440.84747pt
* \textheight=621.52245pt
* \oddsidemargin=28.90755pt
* \evensidemargin=0.0pt
* \topmargin=-17.42001pt
* \headheight=12.0pt
* \headsep=19.8738pt
* \topskip=12.0pt
* \footskip=30.0pt
* \marginparwidth=98.0pt
* \marginparsep=7.0pt
* \columnsep=10.0pt
* \skip\footins=10.8pt plus 4.0pt minus 2.0pt
* \hoffset=0.0pt
* \voffset=0.0pt
* \mag=1000
* \@twocolumnfalse
* \@twosidetrue
* \@mparswitchtrue
* \@reversemarginfalse
* (1in=72.27pt=25.4mm, 1cm=28.453pt)

\openout2 = `cover.aux'.

(./cover.tex <./pic/Columbia-Logo.png, id=63, 501.875pt x 441.65pt>
File: ./pic/Columbia-Logo.png Graphic file (type png)

<use ./pic/Columbia-Logo.png>
Package pdftex.def Info: ./pic/Columbia-Logo.png used on input line 13.
(pdftex.def)             Requested size: 129.32806pt x 113.81102pt.
 [1



{/usr/local/texlive/2015/texmf-var/fonts/map/pdftex/updmap/pdftex.map} <./pic/C
olumbia-Logo.png>]) [2

] (./main.toc
LaTeX Font Info:    Try loading font information for U+msa on input line 1.

(/usr/local/texlive/2015/texmf-dist/tex/latex/amsfonts/umsa.fd
File: umsa.fd 2013/01/14 v3.01 AMS symbols A
)
LaTeX Font Info:    Try loading font information for U+msb on input line 1.

(/usr/local/texlive/2015/texmf-dist/tex/latex/amsfonts/umsb.fd
File: umsb.fd 2013/01/14 v3.01 AMS symbols B
))
\tf@toc=\write5
\openout5 = `main.toc'.

 [3

] [4

]
\openout2 = `intro.aux'.


(./intro.tex
Chapter 0.
pdfTeX warning (ext4): destination with the same identifier (name{page.1}) has 
been already used, duplicate ignored
<to be read again> 
                   \relax 
l.16 
      [1


]
LaTeX Font Info:    Try loading font information for OMS+cmr on input line 22.
 (/usr/local/texlive/2015/texmf-dist/tex/latex/base/omscmr.fd
File: omscmr.fd 2014/09/29 v2.5h Standard LaTeX font definitions
)
LaTeX Font Info:    Font shape `OMS/cmr/m/n' in size <12> not available
(Font)              Font shape `OMS/cmsy/m/n' tried instead on input line 22.


Package Fancyhdr Warning: \headheight is too small (12.0pt): 
 Make it at least 14.49998pt.
 We now make it that large for the rest of the document.
 This may cause the page layout to be inconsistent, however.

pdfTeX warning (ext4): destination with the same identifier (name{page.2}) has 
been already used, duplicate ignored
<to be read again> 
                   \relax 
l.44 \end{itemize}
                   [2]pdfTeX warning (ext4): destination with the same identifi
er (name{page.3}) has been already used, duplicate ignored
<to be read again> 
                   \relax 
l.57 
      [3]pdfTeX warning (ext4): destination with the same identifier (name{page
.4}) has been already used, duplicate ignored
<to be read again> 
                   \relax 
l.78 \end{itemize}
                   [4]) [5]
\openout2 = `Exp0/ExcelError.aux'.

 (./Exp0/ExcelError.tex [6



]
Chapter 1.
Missing character: There is no â in font cmr12!
Missing character: There is no € in font cmr12!
Missing character: There is no ™ in font cmr12!

Underfull \vbox (badness 10000) has occurred while \output is active []

 [7]
[8] [9] <./Exp1/pic/image1.png, id=160, 507.39563pt x 158.84344pt>
File: ./Exp1/pic/image1.png Graphic file (type png)

<use ./Exp1/pic/image1.png>
Package pdftex.def Info: ./Exp1/pic/image1.png used on input line 64.
(pdftex.def)             Requested size: 220.42374pt x 69.00423pt.
 [10 <./Exp1/pic/image1.png>] [11]
Underfull \vbox (badness 1072) has occurred while \output is active []

 [12]
<./Exp1/pic/image2.png, id=192, 509.65407pt x 280.79906pt>
File: ./Exp1/pic/image2.png Graphic file (type png)

<use ./Exp1/pic/image2.png>
Package pdftex.def Info: ./Exp1/pic/image2.png used on input line 122.
(pdftex.def)             Requested size: 220.42374pt x 121.44392pt.

Overfull \hbox (7.73259pt too wide) in paragraph at lines 138--139
\OT1/cmr/m/n/12 When we $[]$ quan-ti-ties, we $[]$ (never sub-tract) the $[]$
 []

[13 <./Exp1/pic/image2.png>] [14]
<./Exp0/pic/image3.png, id=215, 2007.5pt x 1003.75pt>
File: ./Exp0/pic/image3.png Graphic file (type png)

<use ./Exp0/pic/image3.png>
Package pdftex.def Info: ./Exp0/pic/image3.png used on input line 196.
(pdftex.def)             Requested size: 308.59187pt x 154.29309pt.


LaTeX Warning: `h' float specifier changed to `ht'.

[15]
Underfull \hbox (badness 10000) in paragraph at lines 204--204
[][][]\OT1/cmr/m/n/10 https://support.office.com/en-us/article/Excel-functions-
alphabetical-b3944572-255d-4efb-bb96-
 []

[16 <./Exp0/pic/image3.png>] [17] [18]) [19]
\openout2 = `Exp1/UncertaintyError.aux'.

 (./Exp1/UncertaintyError.tex
[20



]
Chapter 2.
[21] [22] <./Exp3/pic/image13.jpg, id=302, 570.6921pt x 324.9741pt>
File: ./Exp3/pic/image13.jpg Graphic file (type jpg)

<use ./Exp3/pic/image13.jpg>
Package pdftex.def Info: ./Exp3/pic/image13.jpg used on input line 52.
(pdftex.def)             Requested size: 396.75612pt x 220.42409pt.
 [23 <./Exp3/pic/image13.jpg>]
<./Exp1/pic/image4.png, id=311, 722.7pt x 783.67781pt>
File: ./Exp1/pic/image4.png Graphic file (type png)

<use ./Exp1/pic/image4.png>
Package pdftex.def Info: ./Exp1/pic/image4.png used on input line 76.
(pdftex.def)             Requested size: 308.59355pt x 248.60567pt.


LaTeX Warning: `!h' float specifier changed to `!ht'.

[24] <./Exp1/pic/image5.png, id=326, 723.45282pt x 782.17218pt>
File: ./Exp1/pic/image5.png Graphic file (type png)

<use ./Exp1/pic/image5.png>
Package pdftex.def Info: ./Exp1/pic/image5.png used on input line 93.
(pdftex.def)             Requested size: 308.59488pt x 248.60544pt.


LaTeX Warning: `!h' float specifier changed to `!ht'.

<./Exp1/pic/image6.png, id=327, 722.7pt x 783.67781pt>
File: ./Exp1/pic/image6.png Graphic file (type png)

<use ./Exp1/pic/image6.png>
Package pdftex.def Info: ./Exp1/pic/image6.png used on input line 100.
(pdftex.def)             Requested size: 308.59355pt x 248.60567pt.


LaTeX Warning: `!h' float specifier changed to `!ht'.

[25 <./Exp1/pic/image4.png>]
Underfull \vbox (badness 10000) has occurred while \output is active []

 [26 <./Exp1/pic/image5.png> <./Exp1/pic/image6.png>]
<./Exp1/pic/pendulum.png, id=348, 2090.81125pt x 2563.5775pt>
File: ./Exp1/pic/pendulum.png Graphic file (type png)

<use ./Exp1/pic/pendulum.png>
Package pdftex.def Info: ./Exp1/pic/pendulum.png used on input line 130.
(pdftex.def)             Requested size: 220.42374pt x 270.2593pt.


LaTeX Warning: `h' float specifier changed to `ht'.

[27] [28 <./Exp1/pic/pendulum.png (PNG copy)>]
<./Exp1/pic/buffon.png, id=373, 686.565pt x 501.875pt>
File: ./Exp1/pic/buffon.png Graphic file (type png)

<use ./Exp1/pic/buffon.png>
Package pdftex.def Info: ./Exp1/pic/buffon.png used on input line 156.
(pdftex.def)             Requested size: 308.59187pt x 225.57362pt.
 [29 <./Exp1/pic/buffon.png>]
Overfull \hbox (5.78961pt too wide) in paragraph at lines 176--177
[]\OT1/cmr/m/n/12 Does your cal-cu-lated value of $\OML/cmm/m/it/12 g$ \OT1/cmr
/m/n/12 agree with the ex-pected value ($\OML/cmm/m/it/12 g \OT1/cmr/m/n/12 = 9
\OML/cmm/m/it/12 :\OT1/cmr/m/n/12 81\OML/cmm/m/it/12 m=s[]$\OT1/cmr/m/n/12 )? 
 []

[30] [31] [32] [33]) [34]
\openout2 = `Exp2/VelocityAcceleration.aux'.

 (./Exp2/VelocityAcceleration.tex
Chapter 3.

Package hyperref Warning: Token not allowed in a PDF string (PDFDocEncoding):
(hyperref)                removing `math shift' on input line 1.


Package hyperref Warning: Token not allowed in a PDF string (PDFDocEncoding):
(hyperref)                removing `math shift' on input line 1.

<./Exp2/pic/image11.jpg, id=444, 768.2301pt x 331.7193pt>
File: ./Exp2/pic/image11.jpg Graphic file (type jpg)

<use ./Exp2/pic/image11.jpg>
Package pdftex.def Info: ./Exp2/pic/image11.jpg used on input line 11.
(pdftex.def)             Requested size: 396.76003pt x 171.32072pt.


LaTeX Warning: `h' float specifier changed to `ht'.

<./Exp2/pic/image16.jpg, id=446, 780.7569pt x 462.7689pt>
File: ./Exp2/pic/image16.jpg Graphic file (type jpg)

<use ./Exp2/pic/image16.jpg>
Package pdftex.def Info: ./Exp2/pic/image16.jpg used on input line 24.
(pdftex.def)             Requested size: 440.84747pt x 261.29544pt.
 [35



]

LaTeX Warning: `h' float specifier changed to `ht'.


Underfull \vbox (badness 1540) has occurred while \output is active []

 [36 <./Exp2/pic/image11.jpg>] [37 <./Exp2/pic/image16.jpg>]
<./Exp2/pic/image12.jpg, id=466, 723.9045pt x 202.5969pt>
File: ./Exp2/pic/image12.jpg Graphic file (type jpg)

<use ./Exp2/pic/image12.jpg>
Package pdftex.def Info: ./Exp2/pic/image12.jpg used on input line 52.
(pdftex.def)             Requested size: 396.76003pt x 111.0422pt.
 [38 <./Exp2/pic/image12.jpg>] [39] [40]
<./Exp2/pic/image14.jpg, id=493, 730.6497pt x 360.6273pt>
File: ./Exp2/pic/image14.jpg Graphic file (type jpg)

<use ./Exp2/pic/image14.jpg>
Package pdftex.def Info: ./Exp2/pic/image14.jpg used on input line 118.
(pdftex.def)             Requested size: 352.67932pt x 174.07312pt.


LaTeX Warning: `h' float specifier changed to `ht'.

<./Exp2/pic/image15.jpg, id=495, 765.3393pt x 202.5969pt>
File: ./Exp2/pic/image15.jpg Graphic file (type jpg)

<use ./Exp2/pic/image15.jpg>
Package pdftex.def Info: ./Exp2/pic/image15.jpg used on input line 129.
(pdftex.def)             Requested size: 352.67932pt x 93.35953pt.


LaTeX Warning: `h' float specifier changed to `ht'.

[41] [42 <./Exp2/pic/image14.jpg> <./Exp2/pic/image15.jpg>]) [43]
\openout2 = `Exp3/Forces.aux'.


(./Exp3/Forces.tex [44



]
Chapter 4.
<./Exp3/pic/image11.jpg, id=536, 536.9661pt x 426.1521pt>
File: ./Exp3/pic/image11.jpg Graphic file (type jpg)

<use ./Exp3/pic/image11.jpg>
Package pdftex.def Info: ./Exp3/pic/image11.jpg used on input line 20.
(pdftex.def)             Requested size: 308.59187pt x 244.9185pt.
 [45]
<./Exp3/pic/image12.jpg, id=547, 566.8377pt x 468.5505pt>
File: ./Exp3/pic/image12.jpg Graphic file (type jpg)

<use ./Exp3/pic/image12.jpg>
Package pdftex.def Info: ./Exp3/pic/image12.jpg used on input line 30.
(pdftex.def)             Requested size: 352.68988pt x 264.51704pt.


LaTeX Warning: `h' float specifier changed to `ht'.

[46 <./Exp3/pic/image11.jpg>]
Underfull \vbox (badness 1163) has occurred while \output is active []

 [47 <./Exp3/pic/image12.jpg>] <./Exp3/pic/image16.png, id=562, 542.025pt x 325
.215pt>
File: ./Exp3/pic/image16.png Graphic file (type png)

<use ./Exp3/pic/image16.png>
Package pdftex.def Info: ./Exp3/pic/image16.png used on input line 56.
(pdftex.def)             Requested size: 352.67932pt x 211.61551pt.
 [48 <./Exp3/pic/image16.png>]
<./Exp3/pic/image14.jpg, id=574, 576.4737pt x 457.9509pt>
File: ./Exp3/pic/image14.jpg Graphic file (type jpg)

<use ./Exp3/pic/image14.jpg>
Package pdftex.def Info: ./Exp3/pic/image14.jpg used on input line 82.
(pdftex.def)             Requested size: 352.67932pt x 280.1672pt.


LaTeX Warning: `h' float specifier changed to `ht'.

[49] [50 <./Exp3/pic/image14.jpg>]
<./Exp3/pic/apparatus.png, id=591, 511.9125pt x 216.81pt>
File: ./Exp3/pic/apparatus.png Graphic file (type png)

<use ./Exp3/pic/apparatus.png>
Package pdftex.def Info: ./Exp3/pic/apparatus.png used on input line 125.
(pdftex.def)             Requested size: 396.76003pt x 168.03923pt.
 [51] [52 <./Exp3/pic/apparatus.png>] [53]
<./Exp3/pic/image4.png, id=636, 526.96875pt x 353.32pt>
File: ./Exp3/pic/image4.png Graphic file (type png)

<use ./Exp3/pic/image4.png>
Package pdftex.def Info: ./Exp3/pic/image4.png used on input line 189.
(pdftex.def)             Requested size: 132.25558pt x 88.67482pt.

<./Exp3/pic/image5.png, id=637, 480.79625pt x 426.59375pt>
File: ./Exp3/pic/image5.png Graphic file (type png)

<use ./Exp3/pic/image5.png>
Package pdftex.def Info: ./Exp3/pic/image5.png used on input line 198.
(pdftex.def)             Requested size: 176.33629pt x 156.45724pt.
 [54 <./Exp3/pic/image4.png> <./Exp3/pic/image5.png>] <./Exp3/pic/image15.jpg, 
id=644, 539.8569pt x 233.4321pt>
File: ./Exp3/pic/image15.jpg Graphic file (type jpg)

<use ./Exp3/pic/image15.jpg>
Package pdftex.def Info: ./Exp3/pic/image15.jpg used on input line 227.
(pdftex.def)             Requested size: 396.76003pt x 171.55806pt.
) [55 <./Exp3/pic/image15.jpg>]
\openout2 = `Exp4/ProjectileMotionandConservationofEnergy.aux'.


(./Exp4/ProjectileMotionandConservationofEnergy.tex [56



]
Chapter 5.
Missing character: There is no â in font cmr12!
Missing character: There is no € in font cmr12!
Missing character: There is no ™ in font cmr12!
[57] [58] <./Exp4/pic/image11.jpg, id=683, 753.7761pt x 509.9853pt>
File: ./Exp4/pic/image11.jpg Graphic file (type jpg)

<use ./Exp4/pic/image11.jpg>
Package pdftex.def Info: ./Exp4/pic/image11.jpg used on input line 61.
(pdftex.def)             Requested size: 440.84747pt x 298.27405pt.


LaTeX Warning: `h' float specifier changed to `ht'.

[59] [60 <./Exp4/pic/image11.jpg>]
Missing character: There is no â in font cmr12!
Missing character: There is no € in font cmr12!
Missing character: There is no ™ in font cmr12!
 [61]

LaTeX Warning: `h' float specifier changed to `ht'.

[62]) [63]
\openout2 = `Exp5/ConservationofMomentum.aux'.

 (./Exp5/ConservationofMomentum.tex [64



]
Chapter 6.
\c@saveenumerate=\count170
[65]
Underfull \hbox (badness 10000) in paragraph at lines 42--47

 []

[66]

LaTeX Warning: `h' float specifier changed to `ht'.

[67] [68] <Exp5/pic/image12.jpg, id=783, 774.0117pt x 248.8497pt>
File: Exp5/pic/image12.jpg Graphic file (type jpg)

<use Exp5/pic/image12.jpg>
Package pdftex.def Info: Exp5/pic/image12.jpg used on input line 204.
(pdftex.def)             Requested size: 396.76003pt x 127.56096pt.


LaTeX Warning: `h' float specifier changed to `ht'.

[69 <./Exp5/pic/image12.jpg>] [70] [71]
<./Exp5/pic/image3.png, id=823, 1276.01718pt x 1431.09656pt>
File: ./Exp5/pic/image3.png Graphic file (type png)

<use ./Exp5/pic/image3.png>
Package pdftex.def Info: ./Exp5/pic/image3.png used on input line 322.
(pdftex.def)             Requested size: 332.49652pt x 372.91725pt.
 [72 <./Exp5/pic/image3.png>] [73]
Underfull \hbox (badness 10000) in paragraph at lines 374--378

 []

[74]) [75]
\openout2 = `Exp6/TorqueandRotationalInertia.aux'.

 (./Exp6/TorqueandRotationalInertia.tex [76



]
Chapter 7.
[77] <./Exp6/pic/diskwithmass.png, id=870, 434.1018pt x 131.0496pt>
File: ./Exp6/pic/diskwithmass.png Graphic file (type png)

<use ./Exp6/pic/diskwithmass.png>
Package pdftex.def Info: ./Exp6/pic/diskwithmass.png used on input line 46.
(pdftex.def)             Requested size: 440.84747pt x 133.08691pt.
 [78 <./Exp6/pic/diskwithmass.png>]
<./Exp6/pic/appbalance2.png, id=882, 949.5475pt x 391.4625pt>
File: ./Exp6/pic/appbalance2.png Graphic file (type png)

<use ./Exp6/pic/appbalance2.png>
Package pdftex.def Info: ./Exp6/pic/appbalance2.png used on input line 72.
(pdftex.def)             Requested size: 440.84747pt x 181.74146pt.
 [79 <./Exp6/pic/appbalance2.png>]
<./Exp6/pic/rotplat.png, id=898, 620.3175pt x 316.18124pt>
File: ./Exp6/pic/rotplat.png Graphic file (type png)

<use ./Exp6/pic/rotplat.png>
Package pdftex.def Info: ./Exp6/pic/rotplat.png used on input line 91.
(pdftex.def)             Requested size: 264.51117pt x 134.82152pt.

<./Exp6/pic/screenshot1.jpg, id=900, 728.7225pt x 492.6405pt>
File: ./Exp6/pic/screenshot1.jpg Graphic file (type jpg)

<use ./Exp6/pic/screenshot1.jpg>
Package pdftex.def Info: ./Exp6/pic/screenshot1.jpg used on input line 99.
(pdftex.def)             Requested size: 396.76003pt x 268.21689pt.


LaTeX Warning: `h' float specifier changed to `ht'.

<./Exp6/pic/screenshot2.png, id=901, 1000.48781pt x 687.31781pt>
File: ./Exp6/pic/screenshot2.png Graphic file (type png)

<use ./Exp6/pic/screenshot2.png>
Package pdftex.def Info: ./Exp6/pic/screenshot2.png used on input line 106.
(pdftex.def)             Requested size: 396.76003pt x 272.56253pt.


LaTeX Warning: `h' float specifier changed to `ht'.

[80 <./Exp6/pic/rotplat.png>] [81 <./Exp6/pic/screenshot1.jpg>] [82 <./Exp6/pic
/screenshot2.png>] <./Exp6/pic/crazyfig.png, id=951, 831.105pt x 385.44pt>
File: ./Exp6/pic/crazyfig.png Graphic file (type png)

<use ./Exp6/pic/crazyfig.png>
Package pdftex.def Info: ./Exp6/pic/crazyfig.png used on input line 147.
(pdftex.def)             Requested size: 352.67932pt x 163.55988pt.

<./Exp6/pic/momenti1.png, id=953, 89.936pt x 71.467pt>
File: ./Exp6/pic/momenti1.png Graphic file (type png)

<use ./Exp6/pic/momenti1.png>
Package pdftex.def Info: ./Exp6/pic/momenti1.png used on input line 160.
(pdftex.def)             Requested size: 43.36243pt x 34.45752pt.

<./Exp6/pic/momenti2.png, id=954, 103.587pt x 98.769pt>
File: ./Exp6/pic/momenti2.png Graphic file (type png)

<use ./Exp6/pic/momenti2.png>
Package pdftex.def Info: ./Exp6/pic/momenti2.png used on input line 162.
(pdftex.def)             Requested size: 43.36243pt x 41.34554pt.

<./Exp6/pic/momenti3.png, id=955, 87.527pt x 84.315pt>
File: ./Exp6/pic/momenti3.png Graphic file (type png)

<use ./Exp6/pic/momenti3.png>
Package pdftex.def Info: ./Exp6/pic/momenti3.png used on input line 164.
(pdftex.def)             Requested size: 43.36243pt x 41.7727pt.

<./Exp6/pic/momenti4.png, id=956, 185.19188pt x 92.59593pt>
File: ./Exp6/pic/momenti4.png Graphic file (type png)

<use ./Exp6/pic/momenti4.png>
Package pdftex.def Info: ./Exp6/pic/momenti4.png used on input line 166.
(pdftex.def)             Requested size: 43.36243pt x 21.68091pt.

Overfull \hbox (35.94382pt too wide) in paragraph at lines 155--169
[][]
 []


Underfull \hbox (badness 10000) in paragraph at lines 155--169

 []


Overfull \hbox (45.49919pt too wide) in paragraph at lines 176--186
[][]
 []


Underfull \hbox (badness 10000) in paragraph at lines 176--186

 []

) [83 <./Exp6/pic/crazyfig.png>] [84 <./Exp6/pic/momenti1.png> <./Exp6/pic/mome
nti2.png> <./Exp6/pic/momenti3.png> <./Exp6/pic/momenti4.png>]
\openout2 = `Exp7/CentripetalForceAngularMomentum.aux'.


(./Exp7/CentripetalForceAngularMomentum.tex
Chapter 8.
[85



] <./Exp7/pic/appbalance2.png, id=988, 949.5475pt x 391.4625pt>
File: ./Exp7/pic/appbalance2.png Graphic file (type png)

<use ./Exp7/pic/appbalance2.png>
Package pdftex.def Info: ./Exp7/pic/appbalance2.png used on input line 41.
(pdftex.def)             Requested size: 352.67932pt x 145.39436pt.

<./Exp7/pic/screenshot1.png, id=989, 407.27156pt x 175.40532pt>
File: ./Exp7/pic/screenshot1.png Graphic file (type png)

<use ./Exp7/pic/screenshot1.png>
Package pdftex.def Info: ./Exp7/pic/screenshot1.png used on input line 48.
(pdftex.def)             Requested size: 220.42374pt x 94.93156pt.
 [86 <./Exp7/pic/appbalance2.png> <./Exp7/pic/screenshot1.png>] [87] [88]
<./Exp7/pic/apparatus.png, id=1050, 580.1675pt x 321.2pt>
File: ./Exp7/pic/apparatus.png Graphic file (type png)

<use ./Exp7/pic/apparatus.png>
Package pdftex.def Info: ./Exp7/pic/apparatus.png used on input line 103.
(pdftex.def)             Requested size: 308.59187pt x 170.84782pt.


LaTeX Warning: `h' float specifier changed to `ht'.


Package array Warning: Column C is already defined on input line 109.

[89] <./Exp7/pic/othersetup.png, id=1072, 367.3725pt x 267.24844pt>
File: ./Exp7/pic/othersetup.png Graphic file (type png)

<use ./Exp7/pic/othersetup.png>
Package pdftex.def Info: ./Exp7/pic/othersetup.png used on input line 131.
(pdftex.def)             Requested size: 264.51117pt x 192.43504pt.


LaTeX Warning: `h' float specifier changed to `ht'.


LaTeX Warning: `h' float specifier changed to `ht'.


LaTeX Warning: `!h' float specifier changed to `!ht'.


LaTeX Warning: `!h' float specifier changed to `!ht'.

) [90 <./Exp7/pic/apparatus.png>] [91 <./Exp7/pic/othersetup.png>]
\openout2 = `Exp8/WavesI_StandingWaves.aux'.


(./Exp8/WavesI_StandingWaves.tex [92


]
Chapter 9.
Missing character: There is no â in font cmr12!
Missing character: There is no € in font cmr12!
Missing character: There is no œ in font cmr12!
Missing character: There is no â in font cmr12!
Missing character: There is no € in font cmr12!
Missing character: There is no  in font cmr12!
<./Exp8/pic/page01.png, id=1101, 821.31844pt x 373.395pt>
File: ./Exp8/pic/page01.png Graphic file (type png)

<use ./Exp8/pic/page01.png>
Package pdftex.def Info: ./Exp8/pic/page01.png used on input line 24.
(pdftex.def)             Requested size: 440.84747pt x 200.42241pt.
 [93

]
<./Exp8/pic/page02.png, id=1111, 821.31844pt x 373.395pt>
File: ./Exp8/pic/page02.png Graphic file (type png)

<use ./Exp8/pic/page02.png>
Package pdftex.def Info: ./Exp8/pic/page02.png used on input line 32.
(pdftex.def)             Requested size: 440.84747pt x 200.42241pt.


LaTeX Warning: `h' float specifier changed to `ht'.

[94 <./Exp8/pic/page01.png (PNG copy)>]
Underfull \vbox (badness 7558) has occurred while \output is active []

 [95 <./Exp8/pic/page02.png (PNG copy)>]
<./Exp8/pic/page04.png, id=1128, 821.31844pt x 372.64218pt>
File: ./Exp8/pic/page04.png Graphic file (type png)

<use ./Exp8/pic/page04.png>
Package pdftex.def Info: ./Exp8/pic/page04.png used on input line 61.
(pdftex.def)             Requested size: 440.84747pt x 200.01833pt.


LaTeX Warning: `h' float specifier changed to `ht'.

[96] <./Exp8/pic/image4.png, id=1135, 683.55376pt x 277.78781pt>
File: ./Exp8/pic/image4.png Graphic file (type png)

<use ./Exp8/pic/image4.png>
Package pdftex.def Info: ./Exp8/pic/image4.png used on input line 80.
(pdftex.def)             Requested size: 352.67932pt x 143.32722pt.
 [97 <./Exp8/pic/page04.png (PNG copy)>] [98 <./Exp8/pic/image4.png>] <./Exp8/p
ic/page03.jpg, id=1154, 614.295pt x 794.97pt>
File: ./Exp8/pic/page03.jpg Graphic file (type jpg)

<use ./Exp8/pic/page03.jpg>
Package pdftex.def Info: ./Exp8/pic/page03.jpg used on input line 106.
(pdftex.def)             Requested size: 308.59187pt x 399.35208pt.
 [99 <./Exp8/pic/page03.jpg>] [100]
<./Exp8/pic/image6.png, id=1173, 1204.5pt x 864.22874pt>
File: ./Exp8/pic/image6.png Graphic file (type png)

<use ./Exp8/pic/image6.png>
Package pdftex.def Info: ./Exp8/pic/image6.png used on input line 133.
(pdftex.def)             Requested size: 352.67932pt x 253.04633pt.

<./Exp8/pic/image7.png, id=1174, 1630.09pt x 1260.71pt>
File: ./Exp8/pic/image7.png Graphic file (type png)

<use ./Exp8/pic/image7.png>
Package pdftex.def Info: ./Exp8/pic/image7.png used on input line 141.
(pdftex.def)             Requested size: 352.67932pt x 272.75945pt.


LaTeX Warning: `h' float specifier changed to `ht'.

[101 <./Exp8/pic/image6.png>]
Underfull \hbox (badness 10000) in paragraph at lines 156--160

 []


Underfull \vbox (badness 10000) has occurred while \output is active []

 [102 <./Exp8/pic/image7.png>]) [103]
\openout2 = `Exp9/WavesII_OscilliscopeandFunctionGenerator.aux'.

 (./Exp9/WavesII_OscilliscopeandFunctionGenerator.tex [104



]
Chapter 10.
[105] [106] <./Exp9/pic/part1.pdf, id=1211, 561.89275pt x 241.5273pt>
File: ./Exp9/pic/part1.pdf Graphic file (type pdf)

<use ./Exp9/pic/part1.pdf>
Package pdftex.def Info: ./Exp9/pic/part1.pdf used on input line 42.
(pdftex.def)             Requested size: 396.76003pt x 170.54947pt.


LaTeX Warning: `!h' float specifier changed to `!ht'.

[107] <./Exp9/pic/part2.pdf, id=1223, 561.89275pt x 481.8pt>
File: ./Exp9/pic/part2.pdf Graphic file (type pdf)

<use ./Exp9/pic/part2.pdf>
Package pdftex.def Info: ./Exp9/pic/part2.pdf used on input line 65.
(pdftex.def)             Requested size: 396.76003pt x 340.21306pt.


LaTeX Warning: `!h' float specifier changed to `!ht'.

[108 <./Exp9/pic/part1.pdf>] [109 <./Exp9/pic/part2.pdf>]
<./Exp9/pic/part3.pdf, id=1264, 561.89275pt x 379.6156pt>
File: ./Exp9/pic/part3.pdf Graphic file (type pdf)

<use ./Exp9/pic/part3.pdf>
Package pdftex.def Info: ./Exp9/pic/part3.pdf used on input line 101.
(pdftex.def)             Requested size: 308.59187pt x 208.488pt.


LaTeX Warning: `!h' float specifier changed to `!ht'.

[110] [111 <./Exp9/pic/part3.pdf>]
<./Exp9/pic/scope_label.pdf, id=1307, 559.23216pt x 281.45563pt>
File: ./Exp9/pic/scope_label.pdf Graphic file (type pdf)

<use ./Exp9/pic/scope_label.pdf>
Package pdftex.def Info: ./Exp9/pic/scope_label.pdf used on input line 136.
(pdftex.def)             Requested size: 396.76003pt x 199.68886pt.
 [112 <./Exp9/pic/scope_label.pdf>] [113]
<./Exp9/pic/fgen.png, id=1342, 750.805pt x 403.5075pt>
File: ./Exp9/pic/fgen.png Graphic file (type png)

<use ./Exp9/pic/fgen.png>
Package pdftex.def Info: ./Exp9/pic/fgen.png used on input line 179.
(pdftex.def)             Requested size: 396.76003pt x 213.2361pt.
) [114 <./Exp9/pic/fgen.png>]
\openout2 = `Exp10/IdealGasandThermalConductivity.aux'.


(./Exp10/IdealGasandThermalConductivity.tex
Chapter 11.
[115



] [116] [117]
<./Exp10/pic/condapppic.jpeg, id=1396, 2107.875pt x 2409.0pt>
File: ./Exp10/pic/condapppic.jpeg Graphic file (type jpg)

<use ./Exp10/pic/condapppic.jpeg>
Package pdftex.def Info: ./Exp10/pic/condapppic.jpeg used on input line 98.
(pdftex.def)             Requested size: 211.60489pt x 241.83307pt.

<./Exp10/pic/steamchamberpic.jpeg, id=1397, 1897.0875pt x 2168.1pt>
File: ./Exp10/pic/steamchamberpic.jpeg Graphic file (type jpg)

<use ./Exp10/pic/steamchamberpic.jpeg>
Package pdftex.def Info: ./Exp10/pic/steamchamberpic.jpeg used on input line 10
4.
(pdftex.def)             Requested size: 211.60489pt x 241.83307pt.
 [118] [119 <./Exp10/pic/condapppic.jpeg> <./Exp10/pic/steamchamberpic.jpeg>] [
120] [121]
<./Exp10/pic/idealgaspic.jpeg, id=1447, 1784.6675pt x 1750.54pt>
File: ./Exp10/pic/idealgaspic.jpeg Graphic file (type jpg)

<use ./Exp10/pic/idealgaspic.jpeg>
Package pdftex.def Info: ./Exp10/pic/idealgaspic.jpeg used on input line 180.
(pdftex.def)             Requested size: 211.60489pt x 207.54489pt.

<./Exp10/pic/idealgasdiag.png, id=1448, 892.33376pt x 875.27pt>
File: ./Exp10/pic/idealgasdiag.png Graphic file (type png)

<use ./Exp10/pic/idealgasdiag.png>
Package pdftex.def Info: ./Exp10/pic/idealgasdiag.png used on input line 184.
(pdftex.def)             Requested size: 211.60489pt x 207.55824pt.

<./Exp10/pic/pressuregaugepic.png, id=1450, 509.905pt x 362.35374pt>
File: ./Exp10/pic/pressuregaugepic.png Graphic file (type png)

<use ./Exp10/pic/pressuregaugepic.png>
Package pdftex.def Info: ./Exp10/pic/pressuregaugepic.png used on input line 19
7.
(pdftex.def)             Requested size: 220.42374pt x 156.63843pt.
 [122 <./Exp10/pic/idealgaspic.jpeg> <./Exp10/pic/idealgasdiag.png>] [123 <./Ex
p10/pic/pressuregaugepic.png>]
<./Exp10/pic/adiabsetup.png, id=1478, 476.78125pt x 800.9925pt>
File: ./Exp10/pic/adiabsetup.png Graphic file (type png)

<use ./Exp10/pic/adiabsetup.png>
Package pdftex.def Info: ./Exp10/pic/adiabsetup.png used on input line 239.
(pdftex.def)             Requested size: 190.4431pt x 319.95132pt.

<./Exp10/pic/adiabignite.png, id=1479, 501.875pt x 845.1575pt>
File: ./Exp10/pic/adiabignite.png Graphic file (type png)

<use ./Exp10/pic/adiabignite.png>
Package pdftex.def Info: ./Exp10/pic/adiabignite.png used on input line 244.
(pdftex.def)             Requested size: 190.4431pt x 320.71182pt.
 [124] [125 <./Exp10/pic/adiabsetup.png> <./Exp10/pic/adiabignite.png>]) [126] 
[127


] [128]
Appendix A.
[129

] [130]
Package atveryend Info: Empty hook `BeforeClearDocument' on input line 169.
Package atveryend Info: Empty hook `AfterLastShipout' on input line 169.
 (./main.aux (./cover.aux) (./intro.aux) (./Exp0/ExcelError.aux)
(./Exp1/UncertaintyError.aux) (./Exp2/VelocityAcceleration.aux)
(./Exp3/Forces.aux) (./Exp4/ProjectileMotionandConservationofEnergy.aux)
(./Exp5/ConservationofMomentum.aux) (./Exp6/TorqueandRotationalInertia.aux)
(./Exp7/CentripetalForceAngularMomentum.aux) (./Exp8/WavesI_StandingWaves.aux)
(./Exp9/WavesII_OscilliscopeandFunctionGenerator.aux)
(./Exp10/IdealGasandThermalConductivity.aux))
Package atveryend Info: Executing hook `AtVeryEndDocument' on input line 169.
Package atveryend Info: Executing hook `AtEndAfterFileList' on input line 169.
Package rerunfilecheck Info: File `main.out' has not changed.
(rerunfilecheck)             Checksum: A61B462ABD0A4C0656519D008CD60021;898.


LaTeX Warning: There were multiply-defined labels.

Package atveryend Info: Empty hook `AtVeryVeryEnd' on input line 169.
 ) 
Here is how much of TeX's memory you used:
 24224 strings out of 493089
 474933 string characters out of 6134842
 569342 words of memory out of 5000000
 26360 multiletter control sequences out of 15000+600000
 22502 words of font info for 84 fonts, out of 8000000 for 9000
 1141 hyphenation exceptions out of 8191
 55i,17n,67p,1416b,898s stack positions out of 5000i,500n,10000p,200000b,80000s
</usr/local/texlive/2015/texmf-dist/fonts/type1/public/amsfonts/cm/cmbx12.pfb
></usr/local/texlive/2015/texmf-dist/fonts/type1/public/amsfonts/cm/cmcsc10.pfb
></usr/local/texlive/2015/texmf-dist/fonts/type1/public/amsfonts/cm/cmex10.pfb>
</usr/local/texlive/2015/texmf-dist/fonts/type1/public/amsfonts/cm/cmmi10.pfb><
/usr/local/texlive/2015/texmf-dist/fonts/type1/public/amsfonts/cm/cmmi12.pfb></
usr/local/texlive/2015/texmf-dist/fonts/type1/public/amsfonts/cm/cmmi6.pfb></us
r/local/texlive/2015/texmf-dist/fonts/type1/public/amsfonts/cm/cmmi8.pfb></usr/
local/texlive/2015/texmf-dist/fonts/type1/public/amsfonts/cm/cmr10.pfb></usr/lo
cal/texlive/2015/texmf-dist/fonts/type1/public/amsfonts/cm/cmr12.pfb></usr/loca
l/texlive/2015/texmf-dist/fonts/type1/public/amsfonts/cm/cmr6.pfb></usr/local/t
exlive/2015/texmf-dist/fonts/type1/public/amsfonts/cm/cmr7.pfb></usr/local/texl
ive/2015/texmf-dist/fonts/type1/public/amsfonts/cm/cmr8.pfb></usr/local/texlive
/2015/texmf-dist/fonts/type1/public/amsfonts/cm/cmsy10.pfb></usr/local/texlive/
2015/texmf-dist/fonts/type1/public/amsfonts/cm/cmsy8.pfb></usr/local/texlive/20
15/texmf-dist/fonts/type1/public/amsfonts/cm/cmti10.pfb></usr/local/texlive/201
5/texmf-dist/fonts/type1/public/amsfonts/cm/cmti12.pfb>
Output written on main.pdf (134 pages, 12305305 bytes).
PDF statistics:
 1743 PDF objects out of 2073 (max. 8388607)
 1474 compressed objects within 15 object streams
 746 named destinations out of 1000 (max. 500000)
 420 words of extra memory for PDF output out of 10000 (max. 10000000)

